[debug] [2022-09-08T01:26:17.936Z] ----------------------------------------------------------------------
[debug] [2022-09-08T01:26:17.938Z] Command:       /usr/local/bin/node /usr/local/bin/firebase init hosting:github
[debug] [2022-09-08T01:26:17.939Z] CLI Version:   11.8.0
[debug] [2022-09-08T01:26:17.939Z] Platform:      darwin
[debug] [2022-09-08T01:26:17.939Z] Node Version:  v16.17.0
[debug] [2022-09-08T01:26:17.945Z] Time:          Thu Sep 08 2022 10:26:17 GMT+0900 (대한민국 표준시)
[debug] [2022-09-08T01:26:17.946Z] ----------------------------------------------------------------------
[debug] 
[debug] [2022-09-08T01:26:18.017Z] > command requires scopes: ["email","openid","https://www.googleapis.com/auth/cloudplatformprojects.readonly","https://www.googleapis.com/auth/firebase","https://www.googleapis.com/auth/cloud-platform"]
[debug] [2022-09-08T01:26:18.018Z] > authorizing via signed-in user (jhhahn522@gmail.com)
[info] 
     ######## #### ########  ######## ########     ###     ######  ########
     ##        ##  ##     ## ##       ##     ##  ##   ##  ##       ##
     ######    ##  ########  ######   ########  #########  ######  ######
     ##        ##  ##    ##  ##       ##     ## ##     ##       ## ##
     ##       #### ##     ## ######## ########  ##     ##  ######  ########

You're about to initialize a Firebase project in this directory:

  /Users/hahnjehee/Desktop/physical

Before we get started, keep in mind:

  * You are initializing within an existing Firebase project directory

[info] 
=== Project Setup
[info] 
[info] First, let's associate this project directory with a Firebase project.
[info] You can create multiple project aliases by running firebase use --add, 
[info] but for now we'll just set up a default project.
[info] 
[debug] [2022-09-08T01:26:18.023Z] Using project from CLI flag: pw2-jehee
[debug] [2022-09-08T01:26:18.027Z] >>> [apiv2][query] GET https://firebase.googleapis.com/v1beta1/projects/pw2-jehee [none]
[debug] [2022-09-08T01:26:18.487Z] <<< [apiv2][status] GET https://firebase.googleapis.com/v1beta1/projects/pw2-jehee 200
[debug] [2022-09-08T01:26:18.488Z] <<< [apiv2][body] GET https://firebase.googleapis.com/v1beta1/projects/pw2-jehee {"projectId":"pw2-jehee","projectNumber":"618183236084","displayName":"pw2-jehee","name":"projects/pw2-jehee","resources":{"hostingSite":"pw2-jehee"},"state":"ACTIVE","etag":"1_010a27c6-5218-4001-821d-170ff4eb83bb"}
[info] i  Using project pw2-jehee (pw2-jehee) 
[info] 
=== Hosting:github Setup
[info] 
[info] i  Detected a .git folder at /Users/hahnjehee/Desktop/physical 
[info] i  Authorizing with GitHub to upload your service account to a GitHub repository's secrets store. 
[info] 
[info] Visit this URL on this device to log in:
[info] https://github.com/login/oauth/authorize?client_id=89cf50f02ac6aaed3484&state=461300315&redirect_uri=http%3A%2F%2Flocalhost%3A9005&scope=read%3Auser%20repo%20public_repo
[info] 
[info] Waiting for authentication...
[debug] [2022-09-08T01:26:19.353Z] >>> [apiv2][query] POST https://github.com/login/oauth/access_token [none]
[debug] [2022-09-08T01:26:19.354Z] >>> [apiv2][body] POST https://github.com/login/oauth/access_token [stream]
[debug] [2022-09-08T01:26:19.723Z] <<< [apiv2][status] POST https://github.com/login/oauth/access_token 200
[debug] [2022-09-08T01:26:19.723Z] <<< [apiv2][body] POST https://github.com/login/oauth/access_token {"access_token":"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","token_type":"bearer","scope":"read:user,repo"}
[debug] [2022-09-08T01:26:19.730Z] >>> [apiv2][query] GET https://api.github.com/user [none]
[debug] [2022-09-08T01:26:20.112Z] <<< [apiv2][status] GET https://api.github.com/user 200
[debug] [2022-09-08T01:26:20.112Z] <<< [apiv2][body] GET https://api.github.com/user {"login":"hahn-jehee","id":69448158,"node_id":"MDQ6VXNlcjY5NDQ4MTU4","avatar_url":"https://avatars.githubusercontent.com/u/69448158?v=4","gravatar_id":"","url":"https://api.github.com/users/hahn-jehee","html_url":"https://github.com/hahn-jehee","followers_url":"https://api.github.com/users/hahn-jehee/followers","following_url":"https://api.github.com/users/hahn-jehee/following{/other_user}","gists_url":"https://api.github.com/users/hahn-jehee/gists{/gist_id}","starred_url":"https://api.github.com/users/hahn-jehee/starred{/owner}{/repo}","subscriptions_url":"https://api.github.com/users/hahn-jehee/subscriptions","organizations_url":"https://api.github.com/users/hahn-jehee/orgs","repos_url":"https://api.github.com/users/hahn-jehee/repos","events_url":"https://api.github.com/users/hahn-jehee/events{/privacy}","received_events_url":"https://api.github.com/users/hahn-jehee/received_events","type":"User","site_admin":false,"name":null,"company":null,"blog":"","location":null,"email":null,"hireable":null,"bio":null,"twitter_username":null,"public_repos":1,"public_gists":0,"followers":0,"following":0,"created_at":"2020-08-10T05:13:31Z","updated_at":"2022-09-07T23:16:53Z","private_gists":0,"total_private_repos":1,"owned_private_repos":1,"disk_usage":4581,"collaborators":0,"two_factor_authentication":false,"plan":{"name":"free","space":976562499,"collaborators":0,"private_repos":10000}}
[info] 
[info] ✔  Success! Logged into GitHub as hahn-jehee 
[info] 
